<?xml version="1.0" encoding="UTF-8"?>
<!-- Generated by org.testng.reporters.JUnitReportReporter -->
<testsuite hostname="Shilpas-MacBook-Pro.local" failures="0" tests="1" name="firstDemopack.Test2" time="3.255" errors="0" timestamp="2024-07-01T11:54:21 IST" skipped="0">
  <testcase classname="firstDemopack.Test2" name="postCityPopulation" time="3.255"/>
  <system-out/>
</testsuite> <!-- firstDemopack.Test2 -->
