<?xml version="1.0" encoding="UTF-8"?>
<!-- Generated by org.testng.reporters.JUnitReportReporter -->
<testsuite hostname="Shilpas-MacBook-Pro.local" failures="0" tests="1" name="Pack1.Test1" time="2.168" errors="0" timestamp="2024-07-01T11:57:04 IST" skipped="0">
  <testcase classname="Pack1.Test1" name="checkSecond" time="2.168"/>
</testsuite> <!-- Pack1.Test1 -->
