<?xml version="1.0" encoding="UTF-8"?>
<!-- Generated by org.testng.reporters.JUnitReportReporter -->
<testsuite hostname="Shilpas-MacBook-Pro.local" failures="0" tests="1" name="Pack1.TestGetReq" time="2.061" errors="0" timestamp="2024-07-01T17:34:27 IST" skipped="0">
  <testcase classname="Pack1.TestGetReq" name="checkSecond" time="2.061"/>
</testsuite> <!-- Pack1.TestGetReq -->
